<?xml version="1.0" encoding="UTF-8"?>
<!-- Generated by org.testng.reporters.JUnitReportReporter -->
<testsuite skipped="0" hostname="Anand" name="classwork.Manual" tests="1" failures="0" timestamp="03 Mar 2019 12:14:40 GMT" time="20.925" errors="0">
  <testcase name="sample" time="20.925" classname="classwork.Manual"/>
</testsuite> <!-- classwork.Manual -->
